<?xml version="1.0" encoding="UTF-8"?>
<!-- Generated by org.testng.reporters.JUnitXMLReporter -->
<testsuite ignored="0" hostname="DESKTOP-UM2MPT8" failures="0" tests="7" name="RegistrationPageTest" time="22.067" errors="0" timestamp="2023-09-09T19:21:26 IST">
  <testcase classname="RegistrationPageTest" name="UIOfTheRegistrationPage" time="0.224"/>
  <testcase classname="RegistrationPageTest" name="RegistrationPageWithEmptyNameField" time="0.211"/>
  <testcase classname="RegistrationPageTest" name="RegistrationPageWithValidInputs" time="0.4"/>
  <testcase classname="RegistrationPageTest" name="RegistrationPageWithValidInputs" time="0.488"/>
  <testcase classname="RegistrationPageTest" name="RegistrationPageWithValidInputs" time="0.387"/>
  <testcase classname="RegistrationPageTest" name="RegistrationPageWithValidInputs" time="0.446"/>
  <testcase classname="RegistrationPageTest" name="RegistrationPageWithValidInputs" time="0.491"/>
</testsuite> <!-- RegistrationPageTest -->
